{
    "data": {
        "attributes": {
            "type_description": "Win32 EXE",
            "tlsh": "T124A2C81BD6DDB012F529A2B61E2A33B69D2AFCF01D9162C7BE645E4D2D361F1981030F",
            "vhash": "0240565d0555156)z433z",
            "type_tags": [
                "executable",
                "windows",
                "win32",
                "pe",
                "peexe"
            ],
            "creation_date": 925644375,
            "names": [
                "LoveYou.exe",
                "loveyou",
                "loveyou.exe",
                "TROJAN.WIN32.LOVEYOU",
                "LoveYou (1).exe",
                "FurryAI.exe",
                "output.172367410.txt",
                "06491399.exe",
                "LOVEYOU.EXE",
                "Trojan.Win32.LoveYou",
                "1edc8771e2a1a70023fc9ddeb5a6bc950380224b75e8306eb70da8eb80cb5b71-dropped.bin",
                "33A9ZsmXw.tar.bz2",
                "31420227141ade98a5a5228bf8e6a97d.exe",
                "31420227141ade98a5a5228bf8e6a97d19329845635ebbc5c4026e111650d3ef42ab05ac22528.exe",
                "31420227141ADE98A5A5228BF8E6A97D",
                "executable.ex@",
                "aa",
                "405.json",
                "VirusShare_31420227141ade98a5a5228bf8e6a97d",
                "Trojan.Win32DEATH.exe",
                "_cJ5wI.sys",
                "31420227141ade98a5a5228bf8e6a97d",
                "Efgd8tgZ",
                "malware.exe",
                "test.txt"
            ],
            "signature_info": {
                "product": "PC Fucker",
                "internal name": "loveyou",
                "file version": "1.00",
                "original name": "loveyou.exe"
            },
            "last_modification_date": 1704497192,
            "type_tag": "peexe",
            "times_submitted": 71,
            "total_votes": {
                "harmless": 0,
                "malicious": 1
            },
            "size": 22528,
            "popular_threat_classification": {
                "suggested_threat_label": "trojan.loveyou/qdel35",
                "popular_threat_category": [
                    {
                        "count": 34,
                        "value": "trojan"
                    }
                ],
                "popular_threat_name": [
                    {
                        "count": 23,
                        "value": "loveyou"
                    },
                    {
                        "count": 4,
                        "value": "qdel35"
                    },
                    {
                        "count": 2,
                        "value": "win95"
                    }
                ]
            },
            "authentihash": "64138695c0dc0b3c712feea9eda3fe0d4df1019386d8bb2e8cc11762b18d0b57",
            "detectiteasy": {
                "filetype": "PE32",
                "values": [
                    {
                        "version": "5.0",
                        "type": "Compiler",
                        "name": "Microsoft Visual Basic"
                    },
                    {
                        "version": "5.0",
                        "type": "Compiler",
                        "name": "Microsoft Visual Basic"
                    }
                ]
            },
            "last_submission_date": 1704497192,
            "sigma_analysis_results": [
                {
                    "rule_title": "Suspicious PowerShell Parameter Substring",
                    "rule_source": "Sigma Integrated Rule Set (GitHub)",
                    "match_context": [
                        {
                            "values": {
                                "EventID": "1",
                                "Product": "Microsoft\u00ae Windows\u00ae Operating System",
                                "ParentImage": "C:\\Windows\\SysWOW64\\cmd.exe",
                                "FileVersion": "10.0.17134.1 (WinBuild.160101.0800)",
                                "CurrentDirectory": "C:\\Windows\\system32\\",
                                "Image": "C:\\Windows\\SysWOW64\\WindowsPowerShell\\v1.0\\powershell.exe",
                                "IntegrityLevel": "High",
                                "ParentCommandLine": "C:\\Windows\\system32\\cmd.exe /c powershell.exe -ex bypass -command \"Get-ScheduledTask | Stop-Schedule",
                                "CommandLine": "powershell.exe  -ex bypass -command \"Get-ScheduledTask | Stop-ScheduledTask",
                                "RuleName": "-",
                                "Hashes": "MD5=DBA3E6449E97D4E3DF64527EF7012A10,SHA256=E0C662D10B852B23F2D8A240AFC82A72B099519FA71CDDF9D5D0F0BE",
                                "Company": "Microsoft Corporation",
                                "OriginalFileName": "PowerShell.EXE",
                                "Description": "Windows PowerShell"
                            }
                        },
                        {
                            "values": {
                                "EventID": "1",
                                "Product": "Microsoft\u00ae Windows\u00ae Operating System",
                                "ParentImage": "C:\\Windows\\SysWOW64\\cmd.exe",
                                "FileVersion": "10.0.17134.1 (WinBuild.160101.0800)",
                                "CurrentDirectory": "C:\\Windows\\system32\\",
                                "Image": "C:\\Windows\\SysWOW64\\WindowsPowerShell\\v1.0\\powershell.exe",
                                "IntegrityLevel": "High",
                                "ParentCommandLine": "C:\\Windows\\system32\\cmd.exe /c powershell.exe -ex bypass -command \"Get-ScheduledTask | Disable-Sched",
                                "CommandLine": "powershell.exe  -ex bypass -command \"Get-ScheduledTask | Disable-ScheduledTask",
                                "RuleName": "-",
                                "Hashes": "MD5=DBA3E6449E97D4E3DF64527EF7012A10,SHA256=E0C662D10B852B23F2D8A240AFC82A72B099519FA71CDDF9D5D0F0BE",
                                "Company": "Microsoft Corporation",
                                "OriginalFileName": "PowerShell.EXE",
                                "Description": "Windows PowerShell"
                            }
                        },
                        {
                            "values": {
                                "EventID": "1",
                                "Product": "Microsoft\u00ae Windows\u00ae Operating System",
                                "ParentImage": "C:\\Windows\\SysWOW64\\cmd.exe",
                                "Description": "Windows PowerShell",
                                "CurrentDirectory": "C:\\Program Files (x86)\\AutoIt3\\",
                                "Image": "C:\\Windows\\SysWOW64\\WindowsPowerShell\\v1.0\\powershell.exe",
                                "IntegrityLevel": "High",
                                "ParentCommandLine": "C:\\Windows\\system32\\cmd.exe /c powershell.exe -ex bypass -command \"Get-ScheduledTask | Stop-Schedule",
                                "CommandLine": "powershell.exe  -ex bypass -command \"Get-ScheduledTask | Stop-ScheduledTask\" ",
                                "RuleName": "-",
                                "Hashes": "MD5=DBA3E6449E97D4E3DF64527EF7012A10,SHA256=E0C662D10B852B23F2D8A240AFC82A72B099519FA71CDDF9D5D0F0BE",
                                "Company": "Microsoft Corporation",
                                "OriginalFileName": "PowerShell.EXE",
                                "FileVersion": "10.0.17134.1 (WinBuild.160101.0800)"
                            }
                        },
                        {
                            "values": {
                                "EventID": "1",
                                "Product": "Microsoft\u00ae Windows\u00ae Operating System",
                                "Company": "Microsoft Corporation",
                                "ParentImage": "C:\\Windows\\SysWOW64\\cmd.exe",
                                "Description": "Windows PowerShell",
                                "CurrentDirectory": "C:\\Program Files (x86)\\AutoIt3\\",
                                "Image": "C:\\Windows\\SysWOW64\\WindowsPowerShell\\v1.0\\powershell.exe",
                                "IntegrityLevel": "High",
                                "ParentCommandLine": "C:\\Windows\\system32\\cmd.exe /c powershell.exe -ex bypass -command \"Get-ScheduledTask | Disable-Sched",
                                "RuleName": "-",
                                "Hashes": "MD5=DBA3E6449E97D4E3DF64527EF7012A10,SHA256=E0C662D10B852B23F2D8A240AFC82A72B099519FA71CDDF9D5D0F0BE",
                                "CommandLine": "powershell.exe  -ex bypass -command \"Get-ScheduledTask | Disable-ScheduledTask\" ",
                                "OriginalFileName": "PowerShell.EXE",
                                "FileVersion": "10.0.17134.1 (WinBuild.160101.0800)"
                            }
                        }
                    ],
                    "rule_level": "high",
                    "rule_description": "Detects suspicious PowerShell invocation with a parameter substring",
                    "rule_author": "Florian Roth (Nextron Systems), Daniel Bohannon (idea), Roberto Rodriguez (Fix)",
                    "rule_id": "1929e853315b3b5398e0837b2b8928a28ae8eec0611ebb41efc5e6b33e78cd6c"
                },
                {
                    "rule_title": "HackTool - CrackMapExec Execution Patterns",
                    "rule_source": "Sigma Integrated Rule Set (GitHub)",
                    "match_context": [
                        {
                            "values": {
                                "EventID": "1",
                                "Product": "Microsoft\u00ae Windows\u00ae Operating System",
                                "ParentImage": "C:\\Program Files (x86)\\AutoIt3\\AutoIt3.exe",
                                "Description": "Windows Command Processor",
                                "CurrentDirectory": "C:\\Program Files (x86)\\AutoIt3\\",
                                "Image": "C:\\Windows\\SysWOW64\\cmd.exe",
                                "IntegrityLevel": "High",
                                "ParentCommandLine": "\"C:\\Program Files (x86)\\AutoIt3\\AutoIt3.exe\" \"C:\\Users\\george\\Desktop\\script.0.au3\"",
                                "CommandLine": "C:\\Windows\\system32\\cmd.exe /c powershell.exe -ex bypass -command \"Get-ScheduledTask | Disable-Sched",
                                "RuleName": "-",
                                "Hashes": "MD5=F3BDBE3BB6F734E357235F4D5898582D,SHA256=3685495D051137B1C4EFDE22C26DF0883614B6453B762FA84588DA55",
                                "Company": "Microsoft Corporation",
                                "OriginalFileName": "Cmd.Exe",
                                "FileVersion": "10.0.17134.1 (WinBuild.160101.0800)"
                            }
                        },
                        {
                            "values": {
                                "EventID": "1",
                                "Product": "Microsoft\u00ae Windows\u00ae Operating System",
                                "ParentImage": "C:\\Program Files (x86)\\AutoIt3\\AutoIt3.exe",
                                "Description": "Windows Command Processor",
                                "CurrentDirectory": "C:\\Program Files (x86)\\AutoIt3\\",
                                "Image": "C:\\Windows\\SysWOW64\\cmd.exe",
                                "IntegrityLevel": "High",
                                "ParentCommandLine": "\"C:\\Program Files (x86)\\AutoIt3\\AutoIt3.exe\" \"C:\\Users\\george\\Desktop\\script.0.au3\"",
                                "CommandLine": "C:\\Windows\\system32\\cmd.exe /c powershell.exe -ex bypass -command \"Get-ScheduledTask | Stop-Schedule",
                                "RuleName": "-",
                                "Hashes": "MD5=F3BDBE3BB6F734E357235F4D5898582D,SHA256=3685495D051137B1C4EFDE22C26DF0883614B6453B762FA84588DA55",
                                "Company": "Microsoft Corporation",
                                "OriginalFileName": "Cmd.Exe",
                                "FileVersion": "10.0.17134.1 (WinBuild.160101.0800)"
                            }
                        }
                    ],
                    "rule_level": "high",
                    "rule_description": "Detects various execution patterns of the CrackMapExec pentesting framework",
                    "rule_author": "Thomas Patzke",
                    "rule_id": "4adf455dcb8e143b4df56b115b6a64714aa6d18f105e8e3d9859c02f686e393b"
                },
                {
                    "rule_title": "CodeIntegrity - Unsigned Kernel Module Loaded",
                    "rule_source": "Sigma Integrated Rule Set (GitHub)",
                    "match_context": [
                        {
                            "values": {
                                "EventID": "3001",
                                "FileNameLength": "62",
                                "FileNameBuffer": "\\Device\\HarddiskVolume4\\Windows\\System32\\drivers\\filetrace.sys"
                            }
                        }
                    ],
                    "rule_level": "high",
                    "rule_description": "Detects the presence of a loaded unsigned kernel module on the system.",
                    "rule_author": "Nasreddine Bencherchali (Nextron Systems)",
                    "rule_id": "647cd15325a4886379855a1ac10656200efc53f23b4acdaedb38599f61f8edaf"
                },
                {
                    "rule_title": "Potential Persistence Via COM Hijacking From Suspicious Locations",
                    "rule_source": "Sigma Integrated Rule Set (GitHub)",
                    "match_context": [
                        {
                            "values": {
                                "EventID": "13",
                                "EventType": "SetValue",
                                "Image": "C:\\Program Files (x86)\\AutoIt3\\AutoIt3.exe",
                                "Details": "C:\\Users\\george\\AppData\\Local\\Temp\\JSAMSIProvider32.dll",
                                "RuleName": "T1122",
                                "TargetObject": "HKCR\\WOW6432Node\\CLSID\\{0EE7644B-1BAD-48B1-9889-0281C206EB85}\\InprocServer32\\(Default)"
                            }
                        }
                    ],
                    "rule_level": "high",
                    "rule_description": "Detects potential COM object hijacking where the \"Server\" (In/Out) is pointing to a suspicious or unsuale location",
                    "rule_author": "Nasreddine Bencherchali (Nextron Systems)",
                    "rule_id": "c64a541b46d176ef960f347f5e86ee15927eb668f86a5f9f6260bbc94b1d2f3a"
                },
                {
                    "rule_title": "Windows Defender Real-Time Protection Failure/Restart",
                    "rule_source": "Sigma Integrated Rule Set (GitHub)",
                    "match_context": [
                        {
                            "values": {
                                "EventID": "3002",
                                "Feature Name": "On Access",
                                "Error Description": "The handle is invalid. ",
                                "Error Code": "0x80070006",
                                "Reason": "The filter driver was unloaded unexpectedly.",
                                "Product Name": "Microsoft Defender Antivirus",
                                "Feature ID": "3",
                                "Product Version": "4.18.2111.5"
                            }
                        },
                        {
                            "values": {
                                "EventID": "3002",
                                "Feature Name": "Behavior Monitoring",
                                "Error Description": "The handle is invalid. ",
                                "Error Code": "0x80070006",
                                "Reason": "The filter driver was unloaded unexpectedly.",
                                "Product Name": "Microsoft Defender Antivirus",
                                "Feature ID": "5",
                                "Product Version": "4.18.2111.5"
                            }
                        },
                        {
                            "values": {
                                "EventID": "3002",
                                "Feature Name": "Network Inspection System",
                                "Error Description": "The handle is invalid. ",
                                "Error Code": "0x80070006",
                                "Reason": "The filter driver was unloaded unexpectedly.",
                                "Product Name": "Microsoft Defender Antivirus",
                                "Feature ID": "9",
                                "Product Version": "4.18.2111.5"
                            }
                        }
                    ],
                    "rule_level": "medium",
                    "rule_description": "Detects issues with Windows Defender Real-Time Protection features",
                    "rule_author": "Nasreddine Bencherchali (Nextron Systems), Christopher Peacock '@securepeacock' (Update)",
                    "rule_id": "300832dd5414e83d23f6791c1f960c07191eea49ca183cc0ce1230b6c777f565"
                },
                {
                    "rule_title": "Firewall Disabled via Netsh.EXE",
                    "rule_source": "Sigma Integrated Rule Set (GitHub)",
                    "match_context": [
                        {
                            "values": {
                                "EventID": "1",
                                "Product": "Microsoft\u00ae Windows\u00ae Operating System",
                                "ParentImage": "C:\\Windows\\SysWOW64\\cmd.exe",
                                "Description": "Network Command Shell",
                                "CurrentDirectory": "C:\\Program Files (x86)\\AutoIt3\\",
                                "Image": "C:\\Windows\\SysWOW64\\netsh.exe",
                                "Company": "Microsoft Corporation",
                                "IntegrityLevel": "High",
                                "ParentCommandLine": "C:\\Windows\\system32\\cmd.exe /c \"netsh advfirewall set allprofiles state off\" 1> fw 2>&1",
                                "RuleName": "-",
                                "Hashes": "MD5=A0AA3322BB46BBFC36AB9DC1DBBBB807,SHA256=751525FF60A42609D4DFCBB9D70CEC0C0650FC2B14B04994EDE1B015",
                                "CommandLine": "netsh  advfirewall set allprofiles state off ",
                                "OriginalFileName": "netsh.exe",
                                "FileVersion": "10.0.17134.1 (WinBuild.160101.0800)"
                            }
                        }
                    ],
                    "rule_level": "medium",
                    "rule_description": "Detects netsh commands that turns off the Windows firewall",
                    "rule_author": "Fatih Sirin",
                    "rule_id": "5a783ec4b26d8a6276f21c1226c5896266e2591f44f079ca9950892310b00429"
                },
                {
                    "rule_title": "New Root Certificate Installed Via Certutil.EXE",
                    "rule_source": "Sigma Integrated Rule Set (GitHub)",
                    "match_context": [
                        {
                            "values": {
                                "EventID": "1",
                                "Product": "Microsoft\u00ae Windows\u00ae Operating System",
                                "ParentImage": "C:\\Program Files (x86)\\AutoIt3\\AutoIt3.exe",
                                "Description": "CertUtil.exe",
                                "CurrentDirectory": "C:\\Windows\\system32\\",
                                "Image": "C:\\Windows\\SysWOW64\\certutil.exe",
                                "IntegrityLevel": "High",
                                "ParentCommandLine": "\"C:\\Program Files (x86)\\AutoIt3\\AutoIt3.exe\" X:\\loadjoeboxvm.au3",
                                "CommandLine": "certutil -addstore -f \"root\" \\\\192.168.2.1\\all\\install\\JoeSecurityLLC.cer",
                                "RuleName": "-",
                                "Hashes": "MD5=4067B1D5C80CCEACA9DF621F7B80771E,SHA256=5C2493777E2D11AA088B9E927219F5BF02BA91E7E94235A14436D16D",
                                "Company": "Microsoft Corporation",
                                "OriginalFileName": "CertUtil.exe",
                                "FileVersion": "10.0.17134.254 (WinBuild.160101.0800)"
                            }
                        }
                    ],
                    "rule_level": "medium",
                    "rule_description": "Detects execution of \"certutil\" with the \"addstore\" flag in order to install a new certificate on the system.\nAdversaries may install a root certificate on a compromised system to avoid warnings when connecting to adversary controlled web servers.\n",
                    "rule_author": "oscd.community, @redcanary, Zach Stanford @svch0st",
                    "rule_id": "7e27ad096cfe35b247261a88a0082eb1feb9c110817bfc4774f404f8f2958328"
                },
                {
                    "rule_title": "Potential Persistence Via COM Search Order Hijacking",
                    "rule_source": "Sigma Integrated Rule Set (GitHub)",
                    "match_context": [
                        {
                            "values": {
                                "EventID": "13",
                                "EventType": "SetValue",
                                "Image": "C:\\Program Files (x86)\\AutoIt3\\AutoIt3.exe",
                                "Details": "C:\\Users\\george\\AppData\\Local\\Temp\\JSAMSIProvider32.dll",
                                "RuleName": "T1122",
                                "TargetObject": "HKCR\\WOW6432Node\\CLSID\\{0EE7644B-1BAD-48B1-9889-0281C206EB85}\\InprocServer32\\(Default)"
                            }
                        }
                    ],
                    "rule_level": "medium",
                    "rule_description": "Detects potential COM object hijacking leveraging the COM Search Order",
                    "rule_author": "Maxime Thiebaut (@0xThiebaut), oscd.community, C\u00e9dric Hien",
                    "rule_id": "7f5d257abc981b5eddb52d4a9a02fb66201226935cf3d39177c8a81c3a3e8dd4"
                },
                {
                    "rule_title": "Powershell Suspicious Win32_PnPEntity",
                    "rule_source": "Sigma Integrated Rule Set (GitHub)",
                    "match_context": [
                        {
                            "values": {
                                "EventID": "4104",
                                "ScriptBlockText": "5704cf6cb631327d7441edd108ad4510650073b1b5f750a6b53769be74ec183c",
                                "ScriptBlockId": "2add1f3b-4f39-4a29-9bd8-f98f9d8f7fea",
                                "MessageNumber": "\u0001",
                                "MessageTotal": "\u0002",
                                "Path": "C:\\Program Files (x86)\\Joebox\\unpack\\wmievasions.ps1"
                            }
                        }
                    ],
                    "rule_level": "low",
                    "rule_description": "Adversaries may attempt to gather information about attached peripheral devices and components connected to a computer system.",
                    "rule_author": "frack113",
                    "rule_id": "7cf1e08df2c1e71b9ecbab0ba652d8d7adc890f53db8c630b859d32064f3eb3a"
                },
                {
                    "rule_title": "Windows Defender Malware Detection History Deletion",
                    "rule_source": "Sigma Integrated Rule Set (GitHub)",
                    "match_context": [
                        {
                            "values": {
                                "EventID": "1013",
                                "Domain": "NT AUTHORITY",
                                "Unused3": "",
                                "Timestamp": "2/22/2022 5:10:26 AM",
                                "SID": "S-1-5-18",
                                "Unused": "",
                                "Unused4": "",
                                "Product Name": "Microsoft Defender Antivirus",
                                "Unused2": "",
                                "Product Version": "4.18.2111.5"
                            }
                        },
                        {
                            "values": {
                                "EventID": "1013",
                                "Domain": "NT AUTHORITY",
                                "Product Name": "Microsoft Defender Antivirus",
                                "Timestamp": "2/23/2022 7:10:26 AM",
                                "Unused2": "",
                                "Unused": "",
                                "Unused4": "",
                                "Unused3": "",
                                "SID": "S-1-5-18",
                                "Product Version": "4.18.2111.5"
                            }
                        },
                        {
                            "values": {
                                "EventID": "1013",
                                "Domain": "NT AUTHORITY",
                                "Unused3": "",
                                "Timestamp": "2/24/2022 9:13:13 AM",
                                "Unused2": "",
                                "Unused": "",
                                "Unused4": "",
                                "Product Name": "Microsoft Defender Antivirus",
                                "SID": "S-1-5-18",
                                "Product Version": "4.18.2111.5"
                            }
                        },
                        {
                            "values": {
                                "EventID": "1013",
                                "Domain": "NT AUTHORITY",
                                "Unused3": "",
                                "Timestamp": "2/25/2022 11:12:33 AM",
                                "SID": "S-1-5-18",
                                "Unused": "",
                                "Unused4": "",
                                "Product Name": "Microsoft Defender Antivirus",
                                "Unused2": "",
                                "Product Version": "4.18.2111.5"
                            }
                        },
                        {
                            "values": {
                                "EventID": "1013",
                                "Domain": "NT AUTHORITY",
                                "Product Name": "Microsoft Defender Antivirus",
                                "Timestamp": "2/26/2022 2:10:26 PM",
                                "SID": "S-1-5-18",
                                "Unused": "",
                                "Unused4": "",
                                "Unused3": "",
                                "Unused2": "",
                                "Product Version": "4.18.2111.5"
                            }
                        },
                        {
                            "values": {
                                "EventID": "1013",
                                "Domain": "NT AUTHORITY",
                                "Product Name": "Microsoft Defender Antivirus",
                                "Timestamp": "2/27/2022 4:12:19 PM",
                                "Unused2": "",
                                "Unused": "",
                                "Unused4": "",
                                "Unused3": "",
                                "SID": "S-1-5-18",
                                "Product Version": "4.18.2111.5"
                            }
                        },
                        {
                            "values": {
                                "EventID": "1013",
                                "Domain": "NT AUTHORITY",
                                "Product Name": "Microsoft Defender Antivirus",
                                "Timestamp": "2/28/2022 6:14:47 PM",
                                "Unused2": "",
                                "Unused": "",
                                "Unused4": "",
                                "Unused3": "",
                                "SID": "S-1-5-18",
                                "Product Version": "4.18.2111.5"
                            }
                        },
                        {
                            "values": {
                                "EventID": "1013",
                                "Domain": "NT AUTHORITY",
                                "Product Name": "Microsoft Defender Antivirus",
                                "Timestamp": "3/1/2022 8:14:41 PM",
                                "Unused2": "",
                                "Unused": "",
                                "Unused4": "",
                                "Unused3": "",
                                "SID": "S-1-5-18",
                                "Product Version": "4.18.2111.5"
                            }
                        },
                        {
                            "values": {
                                "EventID": "1013",
                                "Domain": "NT AUTHORITY",
                                "Product Name": "Microsoft Defender Antivirus",
                                "Timestamp": "3/2/2022 10:10:26 PM",
                                "SID": "S-1-5-18",
                                "Unused": "",
                                "Unused4": "",
                                "Unused3": "",
                                "Unused2": "",
                                "Product Version": "4.18.2111.5"
                            }
                        },
                        {
                            "values": {
                                "EventID": "1013",
                                "Domain": "NT AUTHORITY",
                                "Unused3": "",
                                "Timestamp": "3/4/2022 12:10:49 AM",
                                "Unused2": "",
                                "Unused": "",
                                "Unused4": "",
                                "Product Name": "Microsoft Defender Antivirus",
                                "SID": "S-1-5-18",
                                "Product Version": "4.18.2111.5"
                            }
                        },
                        {
                            "values": {
                                "EventID": "1013",
                                "Domain": "NT AUTHORITY",
                                "Product Name": "Microsoft Defender Antivirus",
                                "Timestamp": "3/5/2022 2:10:33 AM",
                                "SID": "S-1-5-18",
                                "Unused": "",
                                "Unused4": "",
                                "Unused3": "",
                                "Unused2": "",
                                "Product Version": "4.18.2111.5"
                            }
                        },
                        {
                            "values": {
                                "EventID": "1013",
                                "Domain": "NT AUTHORITY",
                                "Unused3": "",
                                "Timestamp": "3/6/2022 4:12:19 AM",
                                "Unused2": "",
                                "Unused": "",
                                "Unused4": "",
                                "Product Name": "Microsoft Defender Antivirus",
                                "SID": "S-1-5-18",
                                "Product Version": "4.18.2111.5"
                            }
                        },
                        {
                            "values": {
                                "EventID": "1013",
                                "Domain": "NT AUTHORITY",
                                "Unused3": "",
                                "Timestamp": "3/7/2022 6:10:26 AM",
                                "Unused2": "",
                                "Unused": "",
                                "Unused4": "",
                                "Product Name": "Microsoft Defender Antivirus",
                                "SID": "S-1-5-18",
                                "Product Version": "4.18.2111.5"
                            }
                        },
                        {
                            "values": {
                                "EventID": "1013",
                                "Domain": "NT AUTHORITY",
                                "Product Name": "Microsoft Defender Antivirus",
                                "Timestamp": "3/8/2022 8:10:26 AM",
                                "Unused2": "",
                                "Unused": "",
                                "Unused4": "",
                                "Unused3": "",
                                "SID": "S-1-5-18",
                                "Product Version": "4.18.2111.5"
                            }
                        },
                        {
                            "values": {
                                "EventID": "1013",
                                "Domain": "NT AUTHORITY",
                                "Unused3": "",
                                "Timestamp": "3/9/2022 10:14:24 AM",
                                "SID": "S-1-5-18",
                                "Unused": "",
                                "Unused4": "",
                                "Product Name": "Microsoft Defender Antivirus",
                                "Unused2": "",
                                "Product Version": "4.18.2111.5"
                            }
                        },
                        {
                            "values": {
                                "EventID": "1013",
                                "Domain": "NT AUTHORITY",
                                "Product Name": "Microsoft Defender Antivirus",
                                "Timestamp": "3/10/2022 12:14:24 PM",
                                "Unused2": "",
                                "Unused": "",
                                "Unused4": "",
                                "Unused3": "",
                                "SID": "S-1-5-18",
                                "Product Version": "4.18.2111.5"
                            }
                        },
                        {
                            "values": {
                                "EventID": "1013",
                                "Domain": "NT AUTHORITY",
                                "Product Name": "Microsoft Defender Antivirus",
                                "Timestamp": "3/11/2022 2:10:26 PM",
                                "Unused2": "",
                                "Unused": "",
                                "Unused4": "",
                                "Unused3": "",
                                "SID": "S-1-5-18",
                                "Product Version": "4.18.2111.5"
                            }
                        },
                        {
                            "values": {
                                "EventID": "1013",
                                "Domain": "NT AUTHORITY",
                                "Unused3": "",
                                "Timestamp": "3/12/2022 4:10:44 PM",
                                "SID": "S-1-5-18",
                                "Unused": "",
                                "Unused4": "",
                                "Product Name": "Microsoft Defender Antivirus",
                                "Unused2": "",
                                "Product Version": "4.18.2111.5"
                            }
                        },
                        {
                            "values": {
                                "EventID": "1013",
                                "Domain": "NT AUTHORITY",
                                "Product Name": "Microsoft Defender Antivirus",
                                "Timestamp": "3/13/2022 4:12:19 PM",
                                "Unused2": "",
                                "Unused": "",
                                "Unused4": "",
                                "Unused3": "",
                                "SID": "S-1-5-18",
                                "Product Version": "4.18.2111.5"
                            }
                        },
                        {
                            "values": {
                                "EventID": "1013",
                                "Domain": "NT AUTHORITY",
                                "Product Name": "Microsoft Defender Antivirus",
                                "Timestamp": "3/14/2022 6:15:28 PM",
                                "SID": "S-1-5-18",
                                "Unused": "",
                                "Unused4": "",
                                "Unused3": "",
                                "Unused2": "",
                                "Product Version": "4.18.2111.5"
                            }
                        },
                        {
                            "values": {
                                "EventID": "1013",
                                "Domain": "NT AUTHORITY",
                                "Unused3": "",
                                "Timestamp": "3/15/2022 8:13:24 PM",
                                "SID": "S-1-5-18",
                                "Unused": "",
                                "Unused4": "",
                                "Product Name": "Microsoft Defender Antivirus",
                                "Unused2": "",
                                "Product Version": "4.18.2111.5"
                            }
                        },
                        {
                            "values": {
                                "EventID": "1013",
                                "Domain": "NT AUTHORITY",
                                "Product Name": "Microsoft Defender Antivirus",
                                "Timestamp": "3/16/2022 10:10:26 PM",
                                "SID": "S-1-5-18",
                                "Unused": "",
                                "Unused4": "",
                                "Unused3": "",
                                "Unused2": "",
                                "Product Version": "4.18.2111.5"
                            }
                        },
                        {
                            "values": {
                                "EventID": "1013",
                                "Domain": "NT AUTHORITY",
                                "Unused3": "",
                                "Timestamp": "3/18/2022 12:13:01 AM",
                                "SID": "S-1-5-18",
                                "Unused": "",
                                "Unused4": "",
                                "Product Name": "Microsoft Defender Antivirus",
                                "Unused2": "",
                                "Product Version": "4.18.2111.5"
                            }
                        },
                        {
                            "values": {
                                "EventID": "1013",
                                "Domain": "NT AUTHORITY",
                                "Product Name": "Microsoft Defender Antivirus",
                                "Timestamp": "3/19/2022 2:10:33 AM",
                                "Unused2": "",
                                "Unused": "",
                                "Unused4": "",
                                "Unused3": "",
                                "SID": "S-1-5-18",
                                "Product Version": "4.18.2111.5"
                            }
                        },
                        {
                            "values": {
                                "EventID": "1013",
                                "Domain": "NT AUTHORITY",
                                "Product Name": "Microsoft Defender Antivirus",
                                "Timestamp": "3/20/2022 4:12:19 AM",
                                "Unused2": "",
                                "Unused": "",
                                "Unused4": "",
                                "Unused3": "",
                                "SID": "S-1-5-18",
                                "Product Version": "4.18.2111.5"
                            }
                        },
                        {
                            "values": {
                                "EventID": "1013",
                                "Domain": "NT AUTHORITY",
                                "Unused3": "",
                                "Timestamp": "3/21/2022 6:10:26 AM",
                                "Unused2": "",
                                "Unused": "",
                                "Unused4": "",
                                "Product Name": "Microsoft Defender Antivirus",
                                "SID": "S-1-5-18",
                                "Product Version": "4.18.2111.5"
                            }
                        },
                        {
                            "values": {
                                "EventID": "1013",
                                "Domain": "NT AUTHORITY",
                                "Unused3": "",
                                "Timestamp": "3/22/2022 8:10:26 AM",
                                "Unused2": "",
                                "Unused": "",
                                "Unused4": "",
                                "Product Name": "Microsoft Defender Antivirus",
                                "SID": "S-1-5-18",
                                "Product Version": "4.18.2111.5"
                            }
                        },
                        {
                            "values": {
                                "EventID": "1013",
                                "Domain": "NT AUTHORITY",
                                "Unused3": "",
                                "Timestamp": "3/23/2022 10:12:36 AM",
                                "SID": "S-1-5-18",
                                "Unused": "",
                                "Unused4": "",
                                "Product Name": "Microsoft Defender Antivirus",
                                "Unused2": "",
                                "Product Version": "4.18.2111.5"
                            }
                        },
                        {
                            "values": {
                                "EventID": "1013",
                                "Domain": "NT AUTHORITY",
                                "Product Name": "Microsoft Defender Antivirus",
                                "Timestamp": "2/20/2022 1:10:33 AM",
                                "Unused2": "",
                                "Unused": "",
                                "Unused4": "",
                                "Unused3": "",
                                "SID": "S-1-5-18",
                                "Product Version": "4.18.2111.5"
                            }
                        },
                        {
                            "values": {
                                "EventID": "1013",
                                "Domain": "NT AUTHORITY",
                                "Unused3": "",
                                "Timestamp": "2/21/2022 3:12:19 AM",
                                "Unused2": "",
                                "Unused": "",
                                "Unused4": "",
                                "Product Name": "Microsoft Defender Antivirus",
                                "SID": "S-1-5-18",
                                "Product Version": "4.18.2111.5"
                            }
                        }
                    ],
                    "rule_level": "low",
                    "rule_description": "Windows Defender logs when the history of detected infections is deleted. Log file will contain the message \"Windows Defender Antivirus has removed history of malware and other potentially unwanted software\".",
                    "rule_author": "Cian Heasley",
                    "rule_id": "a69f67541c11d90298cb228bee82651387015e4cd30917b3511fde5c028f1eb0"
                },
